0 info it worked if it ends with ok
1 verbose cli [ '/Users/vagusx/.nvm/versions/node/v7.7.3/bin/node',
1 verbose cli   '/Users/vagusx/.nvm/versions/node/v7.7.3/bin/npm',
1 verbose cli   'run',
1 verbose cli   'dev' ]
2 info using npm@4.1.2
3 info using node@v7.7.3
4 verbose run-script [ 'predev', 'dev', 'postdev' ]
5 info lifecycle dew@1.0.0~predev: dew@1.0.0
6 silly lifecycle dew@1.0.0~predev: no script for predev, continuing
7 info lifecycle dew@1.0.0~dev: dew@1.0.0
8 verbose lifecycle dew@1.0.0~dev: unsafe-perm in lifecycle true
9 verbose lifecycle dew@1.0.0~dev: PATH: /Users/vagusx/.nvm/versions/node/v7.7.3/lib/node_modules/npm/bin/node-gyp-bin:/Users/vagusx/Project/foundry/dew2/src/node_modules/.bin:/Users/vagusx/.nvm/versions/node/v7.7.3/bin:/usr/local/bin:/usr/bin:/bin:/usr/sbin:/sbin
10 verbose lifecycle dew@1.0.0~dev: CWD: /Users/vagusx/Project/foundry/dew2/src
11 silly lifecycle dew@1.0.0~dev: Args: [ '-c', 'gulp' ]
12 silly lifecycle dew@1.0.0~dev: Returned: code: 1  signal: null
13 info lifecycle dew@1.0.0~dev: Failed to exec dev script
14 verbose stack Error: dew@1.0.0 dev: `gulp`
14 verbose stack Exit status 1
14 verbose stack     at EventEmitter.<anonymous> (/Users/vagusx/.nvm/versions/node/v7.7.3/lib/node_modules/npm/lib/utils/lifecycle.js:279:16)
14 verbose stack     at emitTwo (events.js:106:13)
14 verbose stack     at EventEmitter.emit (events.js:194:7)
14 verbose stack     at ChildProcess.<anonymous> (/Users/vagusx/.nvm/versions/node/v7.7.3/lib/node_modules/npm/lib/utils/spawn.js:40:14)
14 verbose stack     at emitTwo (events.js:106:13)
14 verbose stack     at ChildProcess.emit (events.js:194:7)
14 verbose stack     at maybeClose (internal/child_process.js:899:16)
14 verbose stack     at Process.ChildProcess._handle.onexit (internal/child_process.js:226:5)
15 verbose pkgid dew@1.0.0
16 verbose cwd /Users/vagusx/Project/foundry/dew2/src
17 error Darwin 16.5.0
18 error argv "/Users/vagusx/.nvm/versions/node/v7.7.3/bin/node" "/Users/vagusx/.nvm/versions/node/v7.7.3/bin/npm" "run" "dev"
19 error node v7.7.3
20 error npm  v4.1.2
21 error code ELIFECYCLE
22 error dew@1.0.0 dev: `gulp`
22 error Exit status 1
23 error Failed at the dew@1.0.0 dev script 'gulp'.
23 error Make sure you have the latest version of node.js and npm installed.
23 error If you do, this is most likely a problem with the dew package,
23 error not with npm itself.
23 error Tell the author that this fails on your system:
23 error     gulp
23 error You can get information on how to open an issue for this project with:
23 error     npm bugs dew
23 error Or if that isn't available, you can get their info via:
23 error     npm owner ls dew
23 error There is likely additional logging output above.
24 verbose exit [ 1, true ]
